0 info it worked if it ends with ok
1 verbose cli [ 'node',
1 verbose cli   '/Users/Yang/.meteor/packages/meteor-tool/.1.3.1.19m8a0y++os.osx.x86_64+web.browser+web.cordova/mt-os.osx.x86_64/dev_bundle/bin/npm',
1 verbose cli   'install',
1 verbose cli   '--save',
1 verbose cli   'react-addons-pure-render-mixin' ]
2 info using npm@2.14.22
3 info using node@v0.10.43
4 verbose install initial load of /Users/Yang/Desktop/a/package.json
5 warn package.json base-react@1.0.0 No description
6 warn package.json base-react@1.0.0 No repository field.
7 warn package.json base-react@1.0.0 No README data
8 verbose installManyTop reading scoped package data from /Users/Yang/Desktop/a/node_modules/amdefine/package.json
9 verbose installManyTop reading scoped package data from /Users/Yang/Desktop/a/node_modules/asap/package.json
10 verbose installManyTop reading scoped package data from /Users/Yang/Desktop/a/node_modules/babel-runtime/package.json
11 verbose installManyTop reading scoped package data from /Users/Yang/Desktop/a/node_modules/base62/package.json
12 verbose installManyTop reading scoped package data from /Users/Yang/Desktop/a/node_modules/can-use-dom/package.json
13 verbose installManyTop reading scoped package data from /Users/Yang/Desktop/a/node_modules/classnames/package.json
14 verbose installManyTop reading scoped package data from /Users/Yang/Desktop/a/node_modules/core-js/package.json
15 verbose installManyTop reading scoped package data from /Users/Yang/Desktop/a/node_modules/deep-equal/package.json
16 verbose installManyTop reading scoped package data from /Users/Yang/Desktop/a/node_modules/domready/package.json
17 verbose installManyTop reading scoped package data from /Users/Yang/Desktop/a/node_modules/enquire.js/package.json
18 verbose installManyTop reading scoped package data from /Users/Yang/Desktop/a/node_modules/envify/package.json
19 verbose installManyTop reading scoped package data from /Users/Yang/Desktop/a/node_modules/esprima-fb/package.json
20 verbose installManyTop reading scoped package data from /Users/Yang/Desktop/a/node_modules/fbjs/package.json
21 verbose installManyTop reading scoped package data from /Users/Yang/Desktop/a/node_modules/history/package.json
22 verbose installManyTop reading scoped package data from /Users/Yang/Desktop/a/node_modules/invariant/package.json
23 verbose installManyTop reading scoped package data from /Users/Yang/Desktop/a/node_modules/jquery/package.json
24 verbose installManyTop reading scoped package data from /Users/Yang/Desktop/a/node_modules/js-tokens/package.json
25 verbose installManyTop reading scoped package data from /Users/Yang/Desktop/a/node_modules/json2mq/package.json
26 verbose installManyTop reading scoped package data from /Users/Yang/Desktop/a/node_modules/jstransform/package.json
27 verbose installManyTop reading scoped package data from /Users/Yang/Desktop/a/node_modules/lodash/package.json
28 verbose installManyTop reading scoped package data from /Users/Yang/Desktop/a/node_modules/loose-envify/package.json
29 verbose installManyTop reading scoped package data from /Users/Yang/Desktop/a/node_modules/object-assign/package.json
30 verbose installManyTop reading scoped package data from /Users/Yang/Desktop/a/node_modules/promise/package.json
31 verbose installManyTop reading scoped package data from /Users/Yang/Desktop/a/node_modules/query-string/package.json
32 verbose installManyTop reading scoped package data from /Users/Yang/Desktop/a/node_modules/react/package.json
33 verbose installManyTop reading scoped package data from /Users/Yang/Desktop/a/node_modules/react-addons-css-transition-group/package.json
34 verbose installManyTop reading scoped package data from /Users/Yang/Desktop/a/node_modules/react-dom/package.json
35 verbose installManyTop reading scoped package data from /Users/Yang/Desktop/a/node_modules/react-image-gallery/package.json
36 verbose installManyTop reading scoped package data from /Users/Yang/Desktop/a/node_modules/react-mounter/package.json
37 verbose installManyTop reading scoped package data from /Users/Yang/Desktop/a/node_modules/react-responsive-mixin/package.json
38 verbose installManyTop reading scoped package data from /Users/Yang/Desktop/a/node_modules/react-router/package.json
39 verbose installManyTop reading scoped package data from /Users/Yang/Desktop/a/node_modules/react-slick/package.json
40 verbose installManyTop reading scoped package data from /Users/Yang/Desktop/a/node_modules/react-static-container/package.json
41 verbose installManyTop reading scoped package data from /Users/Yang/Desktop/a/node_modules/react-swipeable/package.json
42 verbose installManyTop reading scoped package data from /Users/Yang/Desktop/a/node_modules/reactionic/package.json
43 verbose installManyTop reading scoped package data from /Users/Yang/Desktop/a/node_modules/slick-carousel/package.json
44 verbose installManyTop reading scoped package data from /Users/Yang/Desktop/a/node_modules/snapjs/package.json
45 verbose installManyTop reading scoped package data from /Users/Yang/Desktop/a/node_modules/source-map/package.json
46 verbose installManyTop reading scoped package data from /Users/Yang/Desktop/a/node_modules/strict-uri-encode/package.json
47 verbose installManyTop reading scoped package data from /Users/Yang/Desktop/a/node_modules/string-convert/package.json
48 verbose installManyTop reading scoped package data from /Users/Yang/Desktop/a/node_modules/through/package.json
49 verbose installManyTop reading scoped package data from /Users/Yang/Desktop/a/node_modules/transitionend-property/package.json
50 verbose installManyTop reading scoped package data from /Users/Yang/Desktop/a/node_modules/ua-parser-js/package.json
51 verbose installManyTop reading scoped package data from /Users/Yang/Desktop/a/node_modules/warning/package.json
52 verbose installManyTop reading scoped package data from /Users/Yang/Desktop/a/node_modules/whatwg-fetch/package.json
53 info package.json transitionend-property@0.0.2 No repository field.
54 info package.json transitionend-property@0.0.2 repo should probably be repository.
55 verbose readDependencies loading dependencies from /Users/Yang/Desktop/a/package.json
56 silly cache add args [ 'react-addons-pure-render-mixin', null ]
57 verbose cache add spec react-addons-pure-render-mixin
58 silly cache add parsed spec { raw: 'react-addons-pure-render-mixin',
58 silly cache add   scope: null,
58 silly cache add   name: 'react-addons-pure-render-mixin',
58 silly cache add   rawSpec: '',
58 silly cache add   spec: 'latest',
58 silly cache add   type: 'tag' }
59 silly addNamed react-addons-pure-render-mixin@latest
60 verbose addNamed "latest" is being treated as a dist-tag for react-addons-pure-render-mixin
61 info addNameTag [ 'react-addons-pure-render-mixin', 'latest' ]
62 silly mapToRegistry name react-addons-pure-render-mixin
63 silly mapToRegistry using default registry
64 silly mapToRegistry registry https://registry.npmjs.org/
65 silly mapToRegistry uri https://registry.npmjs.org/react-addons-pure-render-mixin
66 verbose addNameTag registry:https://registry.npmjs.org/react-addons-pure-render-mixin not in flight; fetching
67 verbose request uri https://registry.npmjs.org/react-addons-pure-render-mixin
68 verbose request no auth needed
69 info attempt registry request try #1 at 15:00:16
70 verbose request id 7527c0aa55f46163
71 verbose etag "9XVESN0SQC2S2JB4HU7H0LW3Z"
72 http request GET https://registry.npmjs.org/react-addons-pure-render-mixin
73 http 200 https://registry.npmjs.org/react-addons-pure-render-mixin
74 verbose headers { server: 'CouchDB/1.5.0 (Erlang OTP/R16B03)',
74 verbose headers   etag: '"7GGT7G26V9NEP3CVRC093L8EJ"',
74 verbose headers   'content-type': 'application/json',
74 verbose headers   'content-encoding': 'gzip',
74 verbose headers   'cache-control': 'max-age=300',
74 verbose headers   'content-length': '2898',
74 verbose headers   'accept-ranges': 'bytes',
74 verbose headers   date: 'Wed, 20 Apr 2016 07:00:22 GMT',
74 verbose headers   via: '1.1 varnish',
74 verbose headers   age: '138',
74 verbose headers   connection: 'keep-alive',
74 verbose headers   'x-served-by': 'cache-nrt6132-NRT',
74 verbose headers   'x-cache': 'HIT',
74 verbose headers   'x-cache-hits': '1',
74 verbose headers   'x-timer': 'S1461135622.402420,VS0,VE0',
74 verbose headers   vary: 'Accept-Encoding' }
75 silly get cb [ 200,
75 silly get   { server: 'CouchDB/1.5.0 (Erlang OTP/R16B03)',
75 silly get     etag: '"7GGT7G26V9NEP3CVRC093L8EJ"',
75 silly get     'content-type': 'application/json',
75 silly get     'content-encoding': 'gzip',
75 silly get     'cache-control': 'max-age=300',
75 silly get     'content-length': '2898',
75 silly get     'accept-ranges': 'bytes',
75 silly get     date: 'Wed, 20 Apr 2016 07:00:22 GMT',
75 silly get     via: '1.1 varnish',
75 silly get     age: '138',
75 silly get     connection: 'keep-alive',
75 silly get     'x-served-by': 'cache-nrt6132-NRT',
75 silly get     'x-cache': 'HIT',
75 silly get     'x-cache-hits': '1',
75 silly get     'x-timer': 'S1461135622.402420,VS0,VE0',
75 silly get     vary: 'Accept-Encoding' } ]
76 verbose get saving react-addons-pure-render-mixin to /Users/Yang/.npm/registry.npmjs.org/react-addons-pure-render-mixin/.cache.json
77 verbose correctMkdir /Users/Yang/.npm correctMkdir not in flight; initializing
78 silly addNameTag next cb for react-addons-pure-render-mixin with tag latest
79 silly addNamed react-addons-pure-render-mixin@15.0.1
80 verbose addNamed "15.0.1" is a plain semver version for react-addons-pure-render-mixin
81 silly cache afterAdd react-addons-pure-render-mixin@15.0.1
82 verbose afterAdd /Users/Yang/.npm/react-addons-pure-render-mixin/15.0.1/package/package.json not in flight; writing
83 verbose correctMkdir /Users/Yang/.npm correctMkdir not in flight; initializing
84 verbose afterAdd /Users/Yang/.npm/react-addons-pure-render-mixin/15.0.1/package/package.json written
85 silly install resolved [ { name: 'react-addons-pure-render-mixin',
85 silly install resolved     version: '15.0.1',
85 silly install resolved     main: 'index.js',
85 silly install resolved     repository:
85 silly install resolved      { type: 'git',
85 silly install resolved        url: 'git+https://github.com/facebook/react.git' },
85 silly install resolved     keywords: [ 'react', 'react-addon' ],
85 silly install resolved     license: 'BSD-3-Clause',
85 silly install resolved     dependencies: {},
85 silly install resolved     peerDependencies: { react: '^15.0.1' },
85 silly install resolved     description: 'This package provides the React PureRenderMixin add-on.',
85 silly install resolved     bugs: { url: 'https://github.com/facebook/react/issues' },
85 silly install resolved     homepage: 'https://github.com/facebook/react#readme',
85 silly install resolved     _id: 'react-addons-pure-render-mixin@15.0.1',
85 silly install resolved     _shasum: 'fb106f4537e2803ca7cea2c55cac9f4a2dcb1f53',
85 silly install resolved     _resolved: 'https://registry.npmjs.org/react-addons-pure-render-mixin/-/react-addons-pure-render-mixin-15.0.1.tgz',
85 silly install resolved     _from: 'react-addons-pure-render-mixin@latest',
85 silly install resolved     scripts: {},
85 silly install resolved     _npmVersion: '2.15.0',
85 silly install resolved     _nodeVersion: '4.4.2',
85 silly install resolved     _npmUser: { name: 'zpao', email: 'paul@oshannessy.com' },
85 silly install resolved     maintainers: [ [Object], [Object], [Object], [Object], [Object] ],
85 silly install resolved     dist:
85 silly install resolved      { shasum: 'fb106f4537e2803ca7cea2c55cac9f4a2dcb1f53',
85 silly install resolved        tarball: 'https://registry.npmjs.org/react-addons-pure-render-mixin/-/react-addons-pure-render-mixin-15.0.1.tgz' },
85 silly install resolved     _npmOperationalInternal:
85 silly install resolved      { host: 'packages-12-west.internal.npmjs.com',
85 silly install resolved        tmp: 'tmp/react-addons-pure-render-mixin-15.0.1.tgz_1460139853605_0.6086815225426108' },
85 silly install resolved     directories: {},
85 silly install resolved     readme: 'ERROR: No README data found!' } ]
86 info install react-addons-pure-render-mixin@15.0.1 into /Users/Yang/Desktop/a
87 info installOne react-addons-pure-render-mixin@15.0.1
88 verbose installOne of react-addons-pure-render-mixin to /Users/Yang/Desktop/a not in flight; installing
89 verbose correctMkdir /Users/Yang/.npm/_locks correctMkdir not in flight; initializing
90 verbose lock using /Users/Yang/.npm/_locks/react-addons-pure-render-ee4c672eb55b1de6.lock for /Users/Yang/Desktop/a/node_modules/react-addons-pure-render-mixin
91 silly install write writing react-addons-pure-render-mixin 15.0.1 to /Users/Yang/Desktop/a/node_modules/react-addons-pure-render-mixin
92 verbose unbuild node_modules/react-addons-pure-render-mixin
93 silly gentlyRm /Users/Yang/Desktop/a/node_modules/react-addons-pure-render-mixin is being purged from base /Users/Yang/Desktop/a
94 verbose gentlyRm don't care about contents; nuking /Users/Yang/Desktop/a/node_modules/react-addons-pure-render-mixin
95 verbose tar unpack /Users/Yang/.npm/react-addons-pure-render-mixin/15.0.1/package.tgz
96 verbose tar unpacking to /Users/Yang/Desktop/a/node_modules/react-addons-pure-render-mixin
97 silly gentlyRm /Users/Yang/Desktop/a/node_modules/react-addons-pure-render-mixin is being purged
98 verbose gentlyRm don't care about contents; nuking /Users/Yang/Desktop/a/node_modules/react-addons-pure-render-mixin
99 silly gunzTarPerm modes [ '755', '644' ]
100 silly gunzTarPerm extractEntry package.json
101 silly gunzTarPerm extractEntry README.md
102 silly gunzTarPerm extractEntry LICENSE
103 silly gunzTarPerm extractEntry index.js
104 silly gunzTarPerm extractEntry PATENTS
105 verbose write writing to /Users/Yang/Desktop/a/node_modules/react-addons-pure-render-mixin/package.json
106 info preinstall react-addons-pure-render-mixin@15.0.1
107 verbose readDependencies loading dependencies from /Users/Yang/Desktop/a/node_modules/react-addons-pure-render-mixin/package.json
108 silly prepareForInstallMany adding react@^15.0.1 from react-addons-pure-render-mixin peerDependencies
109 warn peerDependencies The peer dependency react@^15.0.1 included from react-addons-pure-render-mixin will no
110 warn peerDependencies longer be automatically installed to fulfill the peerDependency
111 warn peerDependencies in npm 3+. Your application will need to depend on it explicitly.
112 verbose readDependencies loading dependencies from /Users/Yang/Desktop/a/node_modules/react-addons-pure-render-mixin/package.json
113 silly install resolved []
114 verbose about to build /Users/Yang/Desktop/a/node_modules/react-addons-pure-render-mixin
115 info build /Users/Yang/Desktop/a/node_modules/react-addons-pure-render-mixin
116 info linkStuff react-addons-pure-render-mixin@15.0.1
117 silly linkStuff react-addons-pure-render-mixin@15.0.1 has /Users/Yang/Desktop/a/node_modules as its parent node_modules
118 verbose linkBins react-addons-pure-render-mixin@15.0.1
119 verbose linkMans react-addons-pure-render-mixin@15.0.1
120 verbose rebuildBundles react-addons-pure-render-mixin@15.0.1
121 info install react-addons-pure-render-mixin@15.0.1
122 info postinstall react-addons-pure-render-mixin@15.0.1
123 verbose readDependencies loading dependencies from /Users/Yang/Desktop/a/package.json
124 verbose targetResolver reading package data from /Users/Yang/Desktop/a/node_modules/amdefine/package.json
125 verbose targetResolver reading package data from /Users/Yang/Desktop/a/node_modules/asap/package.json
126 verbose targetResolver reading package data from /Users/Yang/Desktop/a/node_modules/babel-runtime/package.json
127 verbose targetResolver reading package data from /Users/Yang/Desktop/a/node_modules/base62/package.json
128 verbose targetResolver reading package data from /Users/Yang/Desktop/a/node_modules/can-use-dom/package.json
129 verbose targetResolver reading package data from /Users/Yang/Desktop/a/node_modules/classnames/package.json
130 verbose targetResolver reading package data from /Users/Yang/Desktop/a/node_modules/core-js/package.json
131 verbose targetResolver reading package data from /Users/Yang/Desktop/a/node_modules/deep-equal/package.json
132 verbose targetResolver reading package data from /Users/Yang/Desktop/a/node_modules/domready/package.json
133 verbose targetResolver reading package data from /Users/Yang/Desktop/a/node_modules/enquire.js/package.json
134 verbose targetResolver reading package data from /Users/Yang/Desktop/a/node_modules/envify/package.json
135 verbose targetResolver reading package data from /Users/Yang/Desktop/a/node_modules/esprima-fb/package.json
136 verbose targetResolver reading package data from /Users/Yang/Desktop/a/node_modules/fbjs/package.json
137 verbose targetResolver reading package data from /Users/Yang/Desktop/a/node_modules/history/package.json
138 verbose targetResolver reading package data from /Users/Yang/Desktop/a/node_modules/invariant/package.json
139 verbose targetResolver reading package data from /Users/Yang/Desktop/a/node_modules/jquery/package.json
140 verbose targetResolver reading package data from /Users/Yang/Desktop/a/node_modules/js-tokens/package.json
141 verbose targetResolver reading package data from /Users/Yang/Desktop/a/node_modules/json2mq/package.json
142 verbose targetResolver reading package data from /Users/Yang/Desktop/a/node_modules/jstransform/package.json
143 verbose targetResolver reading package data from /Users/Yang/Desktop/a/node_modules/lodash/package.json
144 verbose targetResolver reading package data from /Users/Yang/Desktop/a/node_modules/loose-envify/package.json
145 verbose targetResolver reading package data from /Users/Yang/Desktop/a/node_modules/object-assign/package.json
146 verbose targetResolver reading package data from /Users/Yang/Desktop/a/node_modules/promise/package.json
147 verbose targetResolver reading package data from /Users/Yang/Desktop/a/node_modules/query-string/package.json
148 verbose targetResolver reading package data from /Users/Yang/Desktop/a/node_modules/react/package.json
149 verbose targetResolver reading package data from /Users/Yang/Desktop/a/node_modules/react-addons-css-transition-group/package.json
150 verbose targetResolver reading package data from /Users/Yang/Desktop/a/node_modules/react-addons-pure-render-mixin/package.json
151 verbose targetResolver reading package data from /Users/Yang/Desktop/a/node_modules/react-dom/package.json
152 verbose targetResolver reading package data from /Users/Yang/Desktop/a/node_modules/react-image-gallery/package.json
153 verbose targetResolver reading package data from /Users/Yang/Desktop/a/node_modules/react-mounter/package.json
154 verbose targetResolver reading package data from /Users/Yang/Desktop/a/node_modules/react-responsive-mixin/package.json
155 verbose targetResolver reading package data from /Users/Yang/Desktop/a/node_modules/react-router/package.json
156 verbose targetResolver reading package data from /Users/Yang/Desktop/a/node_modules/react-slick/package.json
157 verbose targetResolver reading package data from /Users/Yang/Desktop/a/node_modules/react-static-container/package.json
158 verbose targetResolver reading package data from /Users/Yang/Desktop/a/node_modules/react-swipeable/package.json
159 verbose targetResolver reading package data from /Users/Yang/Desktop/a/node_modules/reactionic/package.json
160 verbose targetResolver reading package data from /Users/Yang/Desktop/a/node_modules/slick-carousel/package.json
161 verbose targetResolver reading package data from /Users/Yang/Desktop/a/node_modules/snapjs/package.json
162 verbose targetResolver reading package data from /Users/Yang/Desktop/a/node_modules/source-map/package.json
163 verbose targetResolver reading package data from /Users/Yang/Desktop/a/node_modules/strict-uri-encode/package.json
164 verbose targetResolver reading package data from /Users/Yang/Desktop/a/node_modules/string-convert/package.json
165 verbose targetResolver reading package data from /Users/Yang/Desktop/a/node_modules/through/package.json
166 verbose targetResolver reading package data from /Users/Yang/Desktop/a/node_modules/transitionend-property/package.json
167 verbose targetResolver reading package data from /Users/Yang/Desktop/a/node_modules/ua-parser-js/package.json
168 verbose targetResolver reading package data from /Users/Yang/Desktop/a/node_modules/warning/package.json
169 verbose targetResolver reading package data from /Users/Yang/Desktop/a/node_modules/whatwg-fetch/package.json
170 verbose targetResolver reading package data from /Users/Yang/Desktop/a/node_modules/.bin/envify/package.json
171 verbose targetResolver reading package data from /Users/Yang/Desktop/a/node_modules/.bin/esparse/package.json
172 verbose targetResolver reading package data from /Users/Yang/Desktop/a/node_modules/.bin/esvalidate/package.json
173 verbose already installed skipping react@^15.0.1 /Users/Yang/Desktop/a
174 silly install resolved []
175 verbose unlock done using /Users/Yang/.npm/_locks/react-addons-pure-render-ee4c672eb55b1de6.lock for /Users/Yang/Desktop/a/node_modules/react-addons-pure-render-mixin
176 verbose validateInstall loading /Users/Yang/Desktop/a/package.json for validation
177 verbose stack Error: The package react@0.14.8 does not satisfy its siblings' peerDependencies requirements!
177 verbose stack     at /Users/Yang/.meteor/packages/meteor-tool/.1.3.1.19m8a0y++os.osx.x86_64+web.browser+web.cordova/mt-os.osx.x86_64/dev_bundle/lib/node_modules/npm/lib/install.js:125:32
177 verbose stack     at /Users/Yang/.meteor/packages/meteor-tool/.1.3.1.19m8a0y++os.osx.x86_64+web.browser+web.cordova/mt-os.osx.x86_64/dev_bundle/lib/node_modules/npm/lib/install.js:268:7
177 verbose stack     at /Users/Yang/.meteor/packages/meteor-tool/.1.3.1.19m8a0y++os.osx.x86_64+web.browser+web.cordova/mt-os.osx.x86_64/dev_bundle/lib/node_modules/npm/node_modules/read-installed/read-installed.js:142:5
177 verbose stack     at /Users/Yang/.meteor/packages/meteor-tool/.1.3.1.19m8a0y++os.osx.x86_64+web.browser+web.cordova/mt-os.osx.x86_64/dev_bundle/lib/node_modules/npm/node_modules/read-installed/read-installed.js:263:14
177 verbose stack     at cb (/Users/Yang/.meteor/packages/meteor-tool/.1.3.1.19m8a0y++os.osx.x86_64+web.browser+web.cordova/mt-os.osx.x86_64/dev_bundle/lib/node_modules/npm/node_modules/slide/lib/async-map.js:47:24)
177 verbose stack     at /Users/Yang/.meteor/packages/meteor-tool/.1.3.1.19m8a0y++os.osx.x86_64+web.browser+web.cordova/mt-os.osx.x86_64/dev_bundle/lib/node_modules/npm/node_modules/read-installed/read-installed.js:263:14
177 verbose stack     at cb (/Users/Yang/.meteor/packages/meteor-tool/.1.3.1.19m8a0y++os.osx.x86_64+web.browser+web.cordova/mt-os.osx.x86_64/dev_bundle/lib/node_modules/npm/node_modules/slide/lib/async-map.js:47:24)
177 verbose stack     at /Users/Yang/.meteor/packages/meteor-tool/.1.3.1.19m8a0y++os.osx.x86_64+web.browser+web.cordova/mt-os.osx.x86_64/dev_bundle/lib/node_modules/npm/node_modules/read-installed/read-installed.js:263:14
177 verbose stack     at asyncMap (/Users/Yang/.meteor/packages/meteor-tool/.1.3.1.19m8a0y++os.osx.x86_64+web.browser+web.cordova/mt-os.osx.x86_64/dev_bundle/lib/node_modules/npm/node_modules/slide/lib/async-map.js:27:18)
177 verbose stack     at next (/Users/Yang/.meteor/packages/meteor-tool/.1.3.1.19m8a0y++os.osx.x86_64+web.browser+web.cordova/mt-os.osx.x86_64/dev_bundle/lib/node_modules/npm/node_modules/read-installed/read-installed.js:234:5)
178 verbose cwd /Users/Yang/Desktop/a
179 error Darwin 15.0.0
180 error argv "node" "/Users/Yang/.meteor/packages/meteor-tool/.1.3.1.19m8a0y++os.osx.x86_64+web.browser+web.cordova/mt-os.osx.x86_64/dev_bundle/bin/npm" "install" "--save" "react-addons-pure-render-mixin"
181 error node v0.10.43
182 error npm  v2.14.22
183 error code EPEERINVALID
184 error peerinvalid The package react@0.14.8 does not satisfy its siblings' peerDependencies requirements!
184 error peerinvalid Peer react-dom@0.14.8 wants react@^0.14.8
184 error peerinvalid Peer react-mounter@1.2.0 wants react@0.14.x || 15.x.x
184 error peerinvalid Peer react-addons-css-transition-group@0.14.8 wants react@^0.14.8
184 error peerinvalid Peer react-addons-pure-render-mixin@15.0.1 wants react@^15.0.1
184 error peerinvalid Peer react-slick@0.10.0 wants react@^0.13.0 || ^0.14.0
184 error peerinvalid Peer react-static-container@1.0.1 wants react@^0.13.0 || ^0.14.0 || ^15.0.0
185 verbose exit [ 1, true ]
